<?xml version="1.0" encoding="UTF-8"?>
<!-- Generated by org.testng.reporters.JUnitXMLReporter -->
<testsuite hostname="InumentisQA3" name="Chrome" tests="2" failures="1" timestamp="23 May 2018 12:13:27 GMT" time="13.749" errors="0">
  <testcase name="loadUrl" time="3.538" classname="mobstest.VerifyAddFunctionality"/>
  <testcase name="loadUrl" time="2.999" classname="mobstest.VerifyCodeIsUnique">
    <failure type="java.lang.AssertionError" message="expected [Error:  Region Code already exists. Please provide a new Region Code.] but found [Error:  Mob Code already exists.]">
      <![CDATA[java.lang.AssertionError: expected [Error:  Region Code already exists. Please provide a new Region Code.] but found [Error:  Mob Code already exists.]
	at mobstest.VerifyCodeIsUnique.loadUrl(VerifyCodeIsUnique.java:84)
... Removed 29 stack frames]]>
    </failure>
  </testcase> <!-- loadUrl -->
</testsuite> <!-- Chrome -->
